<?xml version="1.0" encoding="UTF-8"?>
<testsuites name="GUI" time="1" tests="0" failures="1" errors="0">
   <testsuite name="GUI" tests="0" failures="1" errors="0" time="1" timestamp="2018-01-22 09:55:01" hostname="minhhoang - 192.168.10.100" id="Test Suites/GUI">
      <properties>
         <property name="deviceName" value=""/>
         <property name="devicePlatform" value=""/>
         <property name="logFolder" value="/Users/minhhoang/Workspace/WorkSpace/Docker/Katalon-Container/Sample Katalon/TestSample/Reports/GUI/20180122_095458"/>
         <property name="logFiles" value="/Users/minhhoang/Workspace/WorkSpace/Docker/Katalon-Container/Sample Katalon/TestSample/Reports/GUI/20180122_095458/execution0.log"/>
         <property name="attachments" value=""/>
         <property name="hostName" value="minhhoang - 192.168.10.100"/>
         <property name="hostAddress" value="192.168.10.100"/>
         <property name="os" value="Mac OS X 64bit"/>
         <property name="katalonVersion" value="5.2.0.1"/>
      </properties>
      <testcase name="Test Cases/TC_03" classname="Test Cases/TC_03" status="FAILED">
         <failure type="FAILED" message="Unable to open browser with url: '' (Root cause: org.openqa.selenium.WebDriverException: Cannot find firefox binary in PATH. Make sure firefox is installed. OS appears to be: MAC
Build info: version: '3.7.1', revision: '8a0099a', time: '2017-11-06T21:07:36.161Z'
System info: host: 'C02VR2N7HV2H.local', ip: 'fe80:0:0:0:8a1:b021:aab7:1dda%en0', os.name: 'Mac OS X', os.arch: 'x86_64', os.version: '10.13.2', java.version: '1.8.0_102'
Driver info: driver.version: unknown)"/>
         <system-out><![CDATA[2018-01-22 09:55:01 - [TEST_CASE][FAILED] - Test Cases/TC_03: Test Cases/TC_03 FAILED because (of) Unable to open browser with url: '' (Root cause: org.openqa.selenium.WebDriverException: Cannot find firefox binary in PATH. Make sure firefox is installed. OS appears to be: MAC
Build info: version: '3.7.1', revision: '8a0099a', time: '2017-11-06T21:07:36.161Z'
System info: host: 'C02VR2N7HV2H.local', ip: 'fe80:0:0:0:8a1:b021:aab7:1dda%en0', os.name: 'Mac OS X', os.arch: 'x86_64', os.version: '10.13.2', java.version: '1.8.0_102'
Driver info: driver.version: unknown)

2018-01-22 09:55:02 - [TEST_STEP][PASSED] - Statement - println("This is sample test to run in docker"): null

2018-01-22 09:55:02 - [TEST_STEP][FAILED] - openBrowser: Unable to open browser with url: '' (Root cause: org.openqa.selenium.WebDriverException: Cannot find firefox binary in PATH. Make sure firefox is installed. OS appears to be: MAC
Build info: version: '3.7.1', revision: '8a0099a', time: '2017-11-06T21:07:36.161Z'
System info: host: 'C02VR2N7HV2H.local', ip: 'fe80:0:0:0:8a1:b021:aab7:1dda%en0', os.name: 'Mac OS X', os.arch: 'x86_64', os.version: '10.13.2', java.version: '1.8.0_102'
Driver info: driver.version: unknown)

2018-01-22 09:55:03 - [MESSAGE][FAILED] - Unable to open browser with url: '' (Root cause: org.openqa.selenium.WebDriverException: Cannot find firefox binary in PATH. Make sure firefox is installed. OS appears to be: MAC
Build info: version: '3.7.1', revision: '8a0099a', time: '2017-11-06T21:07:36.161Z'
System info: host: 'C02VR2N7HV2H.local', ip: 'fe80:0:0:0:8a1:b021:aab7:1dda%en0', os.name: 'Mac OS X', os.arch: 'x86_64', os.version: '10.13.2', java.version: '1.8.0_102'
Driver info: driver.version: unknown)]]></system-out>
         <system-err><![CDATA[2018-01-22 09:55:01 - [TEST_CASE][FAILED] - Test Cases/TC_03: Test Cases/TC_03 FAILED because (of) Unable to open browser with url: '' (Root cause: org.openqa.selenium.WebDriverException: Cannot find firefox binary in PATH. Make sure firefox is installed. OS appears to be: MAC
Build info: version: '3.7.1', revision: '8a0099a', time: '2017-11-06T21:07:36.161Z'
System info: host: 'C02VR2N7HV2H.local', ip: 'fe80:0:0:0:8a1:b021:aab7:1dda%en0', os.name: 'Mac OS X', os.arch: 'x86_64', os.version: '10.13.2', java.version: '1.8.0_102'
Driver info: driver.version: unknown)]]></system-err>
      </testcase>
      <system-out><![CDATA[2018-01-22 09:55:01 - [TEST_SUITE][FAILED] - GUI: Test Cases/TC_03 FAILED because (of) Unable to open browser with url: '' (Root cause: org.openqa.selenium.WebDriverException: Cannot find firefox binary in PATH. Make sure firefox is installed. OS appears to be: MAC
Build info: version: '3.7.1', revision: '8a0099a', time: '2017-11-06T21:07:36.161Z'
System info: host: 'C02VR2N7HV2H.local', ip: 'fe80:0:0:0:8a1:b021:aab7:1dda%en0', os.name: 'Mac OS X', os.arch: 'x86_64', os.version: '10.13.2', java.version: '1.8.0_102'
Driver info: driver.version: unknown)]]></system-out>
      <system-err><![CDATA[2018-01-22 09:55:01 - [TEST_SUITE][FAILED] - GUI: Test Cases/TC_03 FAILED because (of) Unable to open browser with url: '' (Root cause: org.openqa.selenium.WebDriverException: Cannot find firefox binary in PATH. Make sure firefox is installed. OS appears to be: MAC
Build info: version: '3.7.1', revision: '8a0099a', time: '2017-11-06T21:07:36.161Z'
System info: host: 'C02VR2N7HV2H.local', ip: 'fe80:0:0:0:8a1:b021:aab7:1dda%en0', os.name: 'Mac OS X', os.arch: 'x86_64', os.version: '10.13.2', java.version: '1.8.0_102'
Driver info: driver.version: unknown)]]></system-err>
   </testsuite>
</testsuites>
